flutter_ba:Users:seonghunbyeon:Downloads:flutter_background_geolocation-4.3.1ckground_geolocation-4.3.1/example/build/app/intermediates/manifest_merge_blame_file/debug/manifest-merger-blame-debug-report.txt
1<?xml version="1.0" encoding="utf-8"?>
2<manifest xmlns:android="http://schemas.android.com/apk/res/android"
3    package="com.transistorsoft.flutterbackgroundgeolocationexample"
4    android:versionCode="35"
5    android:versionName="4.3.2" >
6
7    <uses-sdk
8        android:minSdkVersion="16"
8-->src/main/AndroidManifest.xml
9        android:targetSdkVersion="30" />
9-->src/main/AndroidManifest.xml
10
11    <!--
12         The INTERNET permission is required for development. Specifically,
13         flutter needs it to communicate with the running application
14         to allow setting breakpoints, to provide hot reload, etc.
15    -->
16    <uses-permission android:name="android.permission.INTERNET" />
16-->src/main/AndroidManifest.xml:9:5-66
16-->src/main/AndroidManifest.xml:9:22-64
17    <uses-permission android:name="android.permission.RECEIVE_BOOT_COMPLETED" />
17-->[com.transistorsoft:tsbackgroundfetch:0.5.4] AndroidManifest.xml:11:5-81
17-->[com.transistorsoft:tsbackgroundfetch:0.5.4] AndroidManifest.xml:11:22-78
18    <uses-permission android:name="android.permission.WAKE_LOCK" />
18-->[com.transistorsoft:tsbackgroundfetch:0.5.4] AndroidManifest.xml:12:5-68
18-->[com.transistorsoft:tsbackgroundfetch:0.5.4] AndroidManifest.xml:12:22-65
19    <uses-permission android:name="android.permission.GET_TASKS" />
19-->[com.transistorsoft:tsbackgroundfetch:0.5.4] AndroidManifest.xml:13:5-68
19-->[com.transistorsoft:tsbackgroundfetch:0.5.4] AndroidManifest.xml:13:22-65
20    <uses-permission android:name="android.permission.ACCESS_NETWORK_STATE" />
20-->[com.transistorsoft:tslocationmanager:3.1.35] AndroidManifest.xml:4:5-78
20-->[com.transistorsoft:tslocationmanager:3.1.35] AndroidManifest.xml:4:22-76
21    <uses-permission android:name="android.permission.ACCESS_BACKGROUND_LOCATION" />
21-->[com.transistorsoft:tslocationmanager:3.1.35] AndroidManifest.xml:5:5-84
21-->[com.transistorsoft:tslocationmanager:3.1.35] AndroidManifest.xml:5:22-82
22    <uses-permission android:name="android.permission.ACCESS_COARSE_LOCATION" />
22-->[com.transistorsoft:tslocationmanager:3.1.35] AndroidManifest.xml:6:5-80
22-->[com.transistorsoft:tslocationmanager:3.1.35] AndroidManifest.xml:6:22-78
23    <uses-permission android:name="android.permission.ACTIVITY_RECOGNITION" />
23-->[com.transistorsoft:tslocationmanager:3.1.35] AndroidManifest.xml:7:5-78
23-->[com.transistorsoft:tslocationmanager:3.1.35] AndroidManifest.xml:7:22-76
24    <uses-permission android:name="android.permission.ACCESS_FINE_LOCATION" />
24-->[com.transistorsoft:tslocationmanager:3.1.35] AndroidManifest.xml:8:5-78
24-->[com.transistorsoft:tslocationmanager:3.1.35] AndroidManifest.xml:8:22-76
25    <uses-permission android:name="android.permission.FOREGROUND_SERVICE" />
25-->[com.transistorsoft:tslocationmanager:3.1.35] AndroidManifest.xml:10:5-76
25-->[com.transistorsoft:tslocationmanager:3.1.35] AndroidManifest.xml:10:22-74
26    <uses-permission android:name="com.google.android.gms.permission.ACTIVITY_RECOGNITION" />
26-->[com.transistorsoft:tslocationmanager:3.1.35] AndroidManifest.xml:11:5-93
26-->[com.transistorsoft:tslocationmanager:3.1.35] AndroidManifest.xml:11:22-91
27    <uses-permission android:name="android.permission.SCHEDULE_EXACT_ALARM" />
27-->[com.transistorsoft:tslocationmanager:3.1.35] AndroidManifest.xml:14:5-78
27-->[com.transistorsoft:tslocationmanager:3.1.35] AndroidManifest.xml:14:22-76
28    <!--
29    This permission overrids Android 12 restriction on starting foreground-serivces in background
30    but the permission is available only to "priveliged" apps (EMERGENCY apps)
31
32    <uses-permission android:name="android.permission.START_FOREGROUND_SERVICES_FROM_BACKGROUND" />
33    -->
34    <!-- device-specific permissions for DeviceSettings methods -->
35    <uses-permission android:name="oppo.permission.OPPO_COMPONENT_SAFE" />
35-->[com.transistorsoft:tslocationmanager:3.1.35] AndroidManifest.xml:22:5-74
35-->[com.transistorsoft:tslocationmanager:3.1.35] AndroidManifest.xml:22:22-72
36    <uses-permission android:name="com.huawei.permission.external_app_settings.USE_COMPONENT" />
36-->[com.transistorsoft:tslocationmanager:3.1.35] AndroidManifest.xml:23:5-96
36-->[com.transistorsoft:tslocationmanager:3.1.35] AndroidManifest.xml:23:22-94
37
38    <uses-feature
38-->[com.transistorsoft:tslocationmanager:3.1.35] AndroidManifest.xml:24:5-90
39        android:name="android.hardware.location.gps"
39-->[com.transistorsoft:tslocationmanager:3.1.35] AndroidManifest.xml:24:19-63
40        android:required="false" />
40-->[com.transistorsoft:tslocationmanager:3.1.35] AndroidManifest.xml:24:64-88
41    <!--
42 io.flutter.app.FlutterApplication is an android.app.Application that
43         calls FlutterMain.startInitialization(this); in its onCreate method.
44         In most cases you can leave this as-is, but you if you want to provide
45         additional functionality it is fine to subclass or reimplement
46         FlutterApplication and put your custom class here.
47    -->
48    <application
48-->src/main/AndroidManifest.xml:16:5-51:19
49        android:name="com.transistorsoft.flutterbackgroundgeolocationexample.Application"
49-->src/main/AndroidManifest.xml:17:9-36
50        android:appComponentFactory="androidx.core.app.CoreComponentFactory"
50-->[androidx.core:core:1.5.0] AndroidManifest.xml:24:18-86
51        android:debuggable="true"
52        android:icon="@mipmap/ic_launcher"
52-->src/main/AndroidManifest.xml:20:9-43
53        android:label="Flutter Background Geolocation"
53-->src/main/AndroidManifest.xml:18:9-55
54        android:usesCleartextTraffic="true" >
54-->src/main/AndroidManifest.xml:19:9-44
55        <activity
55-->src/main/AndroidManifest.xml:21:9-39:20
56            android:name="com.transistorsoft.flutterbackgroundgeolocationexample.MainActivity"
56-->src/main/AndroidManifest.xml:22:13-41
57            android:configChanges="orientation|keyboardHidden|keyboard|screenSize|locale|layoutDirection|fontScale|screenLayout|density|uiMode"
57-->src/main/AndroidManifest.xml:24:13-144
58            android:exported="true"
58-->src/main/AndroidManifest.xml:26:13-36
59            android:hardwareAccelerated="true"
59-->src/main/AndroidManifest.xml:25:13-47
60            android:theme="@android:style/Theme.Black.NoTitleBar"
60-->src/main/AndroidManifest.xml:23:13-66
61            android:windowSoftInputMode="adjustResize" >
61-->src/main/AndroidManifest.xml:27:13-55
62
63            <!--
64                 This keeps the window background of the activity showing
65                 until Flutter renders its first frame. It can be removed if
66                 there is no splash screen (such as the default splash screen
67                 defined in @style/LaunchTheme).
68            -->
69            <meta-data
69-->src/main/AndroidManifest.xml:32:13-34:40
70                android:name="io.flutter.app.android.SplashScreenUntilFirstFrame"
70-->src/main/AndroidManifest.xml:33:17-82
71                android:value="true" />
71-->src/main/AndroidManifest.xml:34:17-37
72
73            <intent-filter>
73-->src/main/AndroidManifest.xml:35:13-38:29
74                <action android:name="android.intent.action.MAIN" />
74-->src/main/AndroidManifest.xml:36:17-68
74-->src/main/AndroidManifest.xml:36:25-66
75
76                <category android:name="android.intent.category.LAUNCHER" />
76-->src/main/AndroidManifest.xml:37:17-77
76-->src/main/AndroidManifest.xml:37:27-74
77            </intent-filter>
78        </activity>
79
80        <service
80-->src/main/AndroidManifest.xml:41:9-135
81            android:name="com.transistorsoft.locationmanager.service.TrackingService"
81-->src/main/AndroidManifest.xml:41:18-91
82            android:foregroundServiceType="location" />
82-->src/main/AndroidManifest.xml:41:92-132
83        <service
83-->src/main/AndroidManifest.xml:42:9-142
84            android:name="com.transistorsoft.locationmanager.service.LocationRequestService"
84-->src/main/AndroidManifest.xml:42:18-98
85            android:foregroundServiceType="location" />
85-->src/main/AndroidManifest.xml:42:99-139
86
87        <meta-data
87-->src/main/AndroidManifest.xml:44:9-161
88            android:name="com.transistorsoft.locationmanager.license"
88-->src/main/AndroidManifest.xml:44:20-77
89            android:value="025736af0c3b480ecc1a6fc8aea17e73cc012049ed117472072b76e5e170953d" />
89-->src/main/AndroidManifest.xml:44:78-158
90        <meta-data
90-->src/main/AndroidManifest.xml:45:9-123
91            android:name="com.transistorsoft.locationmanager.ENCRYPTION_PASSWORD"
91-->src/main/AndroidManifest.xml:45:20-89
92            android:value="transistorsoft" />
92-->src/main/AndroidManifest.xml:45:90-120
93        <meta-data
93-->src/main/AndroidManifest.xml:47:9-49:33
94            android:name="flutterEmbedding"
94-->src/main/AndroidManifest.xml:48:13-44
95            android:value="2" />
95-->src/main/AndroidManifest.xml:49:13-30
96
97        <activity
97-->[:url_launcher] AndroidManifest.xml:8:9-11:74
98            android:name="io.flutter.plugins.urllauncher.WebViewActivity"
98-->[:url_launcher] AndroidManifest.xml:9:13-74
99            android:exported="false"
99-->[:url_launcher] AndroidManifest.xml:10:13-37
100            android:theme="@android:style/Theme.NoTitleBar.Fullscreen" />
100-->[:url_launcher] AndroidManifest.xml:11:13-71
101        <activity
101-->[io.github.nishkarsh:android-permissions:0.1.8] AndroidManifest.xml:12:9-15:59
102            android:name="com.intentfilter.androidpermissions.PermissionsActivity"
102-->[io.github.nishkarsh:android-permissions:0.1.8] AndroidManifest.xml:13:13-83
103            android:excludeFromRecents="true"
103-->[io.github.nishkarsh:android-permissions:0.1.8] AndroidManifest.xml:14:13-46
104            android:theme="@style/AppTheme.Transparent" />
104-->[io.github.nishkarsh:android-permissions:0.1.8] AndroidManifest.xml:15:13-56
105
106        <receiver android:name="com.transistorsoft.tsbackgroundfetch.FetchAlarmReceiver" />
106-->[com.transistorsoft:tsbackgroundfetch:0.5.4] AndroidManifest.xml:16:9-92
106-->[com.transistorsoft:tsbackgroundfetch:0.5.4] AndroidManifest.xml:16:19-89
107
108        <service
108-->[com.transistorsoft:tsbackgroundfetch:0.5.4] AndroidManifest.xml:18:9-21:72
109            android:name="com.transistorsoft.tsbackgroundfetch.FetchJobService"
109-->[com.transistorsoft:tsbackgroundfetch:0.5.4] AndroidManifest.xml:19:13-80
110            android:exported="true"
110-->[com.transistorsoft:tsbackgroundfetch:0.5.4] AndroidManifest.xml:20:13-36
111            android:permission="android.permission.BIND_JOB_SERVICE" />
111-->[com.transistorsoft:tsbackgroundfetch:0.5.4] AndroidManifest.xml:21:13-69
112
113        <receiver
113-->[com.transistorsoft:tsbackgroundfetch:0.5.4] AndroidManifest.xml:23:9-30:20
114            android:name="com.transistorsoft.tsbackgroundfetch.BootReceiver"
114-->[com.transistorsoft:tsbackgroundfetch:0.5.4] AndroidManifest.xml:24:13-77
115            android:exported="false" >
115-->[com.transistorsoft:tsbackgroundfetch:0.5.4] AndroidManifest.xml:25:13-37
116            <intent-filter>
116-->[com.transistorsoft:tsbackgroundfetch:0.5.4] AndroidManifest.xml:26:13-29:29
117                <action android:name="android.intent.action.BOOT_COMPLETED" />
117-->[com.transistorsoft:tsbackgroundfetch:0.5.4] AndroidManifest.xml:27:17-79
117-->[com.transistorsoft:tsbackgroundfetch:0.5.4] AndroidManifest.xml:27:25-76
118                <action android:name="android.intent.action.MY_PACKAGE_REPLACED" />
118-->[com.transistorsoft:tsbackgroundfetch:0.5.4] AndroidManifest.xml:28:17-84
118-->[com.transistorsoft:tsbackgroundfetch:0.5.4] AndroidManifest.xml:28:25-81
119            </intent-filter>
120        </receiver>
121
122        <activity
122-->[com.transistorsoft:tslocationmanager:3.1.35] AndroidManifest.xml:26:9-224
123            android:name="com.transistorsoft.locationmanager.activity.TSLocationManagerActivity"
123-->[com.transistorsoft:tslocationmanager:3.1.35] AndroidManifest.xml:26:19-103
124            android:excludeFromRecents="true"
124-->[com.transistorsoft:tslocationmanager:3.1.35] AndroidManifest.xml:26:104-137
125            android:launchMode="singleInstance"
125-->[com.transistorsoft:tslocationmanager:3.1.35] AndroidManifest.xml:26:138-173
126            android:theme="@style/TSLocationManagerActivity" />
126-->[com.transistorsoft:tslocationmanager:3.1.35] AndroidManifest.xml:26:174-222
127
128        <service android:name="com.transistorsoft.locationmanager.service.HeartbeatService" />
128-->[com.transistorsoft:tslocationmanager:3.1.35] AndroidManifest.xml:29:9-94
128-->[com.transistorsoft:tslocationmanager:3.1.35] AndroidManifest.xml:29:18-92
129        <service android:name="com.transistorsoft.locationmanager.service.ActivityRecognitionService" />
129-->[com.transistorsoft:tslocationmanager:3.1.35] AndroidManifest.xml:30:9-104
129-->[com.transistorsoft:tslocationmanager:3.1.35] AndroidManifest.xml:30:18-102
130        <service android:name="com.transistorsoft.locationmanager.service.GeofencingService" />
130-->[com.transistorsoft:tslocationmanager:3.1.35] AndroidManifest.xml:31:9-95
130-->[com.transistorsoft:tslocationmanager:3.1.35] AndroidManifest.xml:31:18-93
131        <service android:name="com.transistorsoft.locationmanager.service.BackgroundTaskService" />
131-->[com.transistorsoft:tslocationmanager:3.1.35] AndroidManifest.xml:32:9-99
131-->[com.transistorsoft:tslocationmanager:3.1.35] AndroidManifest.xml:32:18-97
132
133        <receiver
133-->[com.transistorsoft:tslocationmanager:3.1.35] AndroidManifest.xml:33:9-127
134            android:name="com.transistorsoft.locationmanager.scheduler.ScheduleAlarmReceiver"
134-->[com.transistorsoft:tslocationmanager:3.1.35] AndroidManifest.xml:33:19-100
135            android:exported="false" />
135-->[com.transistorsoft:tslocationmanager:3.1.35] AndroidManifest.xml:33:101-125
136
137        <service android:name="com.transistorsoft.locationmanager.scheduler.ScheduleService" />
137-->[com.transistorsoft:tslocationmanager:3.1.35] AndroidManifest.xml:34:9-95
137-->[com.transistorsoft:tslocationmanager:3.1.35] AndroidManifest.xml:34:18-93
138        <service
138-->[com.transistorsoft:tslocationmanager:3.1.35] AndroidManifest.xml:35:9-155
139            android:name="com.transistorsoft.locationmanager.scheduler.ScheduleJobService"
139-->[com.transistorsoft:tslocationmanager:3.1.35] AndroidManifest.xml:35:18-96
140            android:permission="android.permission.BIND_JOB_SERVICE" />
140-->[com.transistorsoft:tslocationmanager:3.1.35] AndroidManifest.xml:35:97-153
141
142        <receiver
142-->[com.transistorsoft:tslocationmanager:3.1.35] AndroidManifest.xml:36:9-41:20
143            android:name="com.transistorsoft.locationmanager.BootReceiver"
143-->[com.transistorsoft:tslocationmanager:3.1.35] AndroidManifest.xml:36:19-81
144            android:exported="false" >
144-->[com.transistorsoft:tslocationmanager:3.1.35] AndroidManifest.xml:36:82-106
145            <intent-filter>
145-->[com.transistorsoft:tsbackgroundfetch:0.5.4] AndroidManifest.xml:26:13-29:29
146                <action android:name="android.intent.action.BOOT_COMPLETED" />
146-->[com.transistorsoft:tsbackgroundfetch:0.5.4] AndroidManifest.xml:27:17-79
146-->[com.transistorsoft:tsbackgroundfetch:0.5.4] AndroidManifest.xml:27:25-76
147                <action android:name="android.intent.action.MY_PACKAGE_REPLACED" />
147-->[com.transistorsoft:tsbackgroundfetch:0.5.4] AndroidManifest.xml:28:17-84
147-->[com.transistorsoft:tsbackgroundfetch:0.5.4] AndroidManifest.xml:28:25-81
148            </intent-filter>
149        </receiver>
150
151        <provider
151-->[com.transistorsoft:tslocationmanager:3.1.35] AndroidManifest.xml:42:9-44:20
152            android:name="com.transistorsoft.locationmanager.util.LogFileProvider"
152-->[com.transistorsoft:tslocationmanager:3.1.35] AndroidManifest.xml:42:19-89
153            android:authorities="com.transistorsoft.flutterbackgroundgeolocationexample.tslocationmanager.fileprovider"
153-->[com.transistorsoft:tslocationmanager:3.1.35] AndroidManifest.xml:42:90-159
154            android:exported="false"
154-->[com.transistorsoft:tslocationmanager:3.1.35] AndroidManifest.xml:42:160-184
155            android:grantUriPermissions="true" >
155-->[com.transistorsoft:tslocationmanager:3.1.35] AndroidManifest.xml:42:185-219
156            <meta-data
156-->[com.transistorsoft:tslocationmanager:3.1.35] AndroidManifest.xml:43:13-137
157                android:name="android.support.FILE_PROVIDER_PATHS"
157-->[com.transistorsoft:tslocationmanager:3.1.35] AndroidManifest.xml:43:24-74
158                android:resource="@xml/tslocationmanager_file_provider_path" />
158-->[com.transistorsoft:tslocationmanager:3.1.35] AndroidManifest.xml:43:75-135
159        </provider>
160
161        <activity
161-->[com.google.android.gms:play-services-base:17.5.0] AndroidManifest.xml:23:9-26:75
162            android:name="com.google.android.gms.common.api.GoogleApiActivity"
162-->[com.google.android.gms:play-services-base:17.5.0] AndroidManifest.xml:24:13-79
163            android:exported="false"
163-->[com.google.android.gms:play-services-base:17.5.0] AndroidManifest.xml:25:13-37
164            android:theme="@android:style/Theme.Translucent.NoTitleBar" />
164-->[com.google.android.gms:play-services-base:17.5.0] AndroidManifest.xml:26:13-72
165
166        <meta-data
166-->[com.google.android.gms:play-services-basement:17.5.0] AndroidManifest.xml:23:9-25:69
167            android:name="com.google.android.gms.version"
167-->[com.google.android.gms:play-services-basement:17.5.0] AndroidManifest.xml:24:13-58
168            android:value="@integer/google_play_services_version" />
168-->[com.google.android.gms:play-services-basement:17.5.0] AndroidManifest.xml:25:13-66
169    </application>
170
171</manifest>